
start a new running with args: Namespace(epochs=100, batch=1000, lr=0.001, hid=256, save_name='final_100', num_queries=110000, data_name='train_aug', load_ckpt='False')
Epoch 9, loss: 15.226175120382598, lr:0.0009000000000000001
Epoch 19, loss: 7.0707030537152535, lr:0.0008
Epoch 29, loss: 5.620346249956073, lr:0.0007
Epoch 39, loss: 4.925421640126392, lr:0.0006
Epoch 49, loss: 4.4652084027877965, lr:0.0005
Epoch 59, loss: 4.1867411546032836, lr:0.0004
Epoch 69, loss: 3.8074948956268004, lr:0.0003
Epoch 79, loss: 3.5509262470283893, lr:0.0002
Epoch 89, loss: 3.4173925428679497, lr:0.0001
Epoch 99, loss: 3.3063223988118797, lr:0.0

start a new running with args: Namespace(epochs=100, batch=1000, lr=0.001, hid=256, save_name='final_100', num_queries=110000, data_name='train_aug', load_ckpt='True')
MSLE:0.9320302329947228

start a new running with args: Namespace(epochs=150, batch=1000, lr=0.001, hid=256, save_name='final_150', num_queries=110000, data_name='train_aug', load_ckpt='False')
Epoch 9, loss: 18.22974767106952, lr:0.0009333333333333333
Epoch 19, loss: 7.629686952841403, lr:0.0008666666666666667
Epoch 29, loss: 5.867432770102915, lr:0.0008
Epoch 39, loss: 4.841507297573668, lr:0.0007333333333333333
Epoch 49, loss: 4.334625224874477, lr:0.0006666666666666666
Epoch 59, loss: 3.9782495498657227, lr:0.0006
Epoch 69, loss: 3.719889106172504, lr:0.0005333333333333334
Epoch 79, loss: 3.649307299141932, lr:0.00046666666666666666
Epoch 89, loss: 3.605048813001074, lr:0.0004
Epoch 99, loss: 3.3810825155238913, lr:0.0003333333333333333
Epoch 109, loss: 3.354713261729539, lr:0.0002666666666666667
Epoch 119, loss: 3.2292792146856133, lr:0.0002
Epoch 129, loss: 3.0862139523631393, lr:0.00013333333333333334
Epoch 139, loss: 3.056152582168579, lr:6.666666666666667e-05
Epoch 149, loss: 3.0215023262332186, lr:0.0

start a new running with args: Namespace(epochs=150, batch=1000, lr=0.001, hid=256, save_name='final_150', num_queries=110000, data_name='train_aug', load_ckpt='True')
MSLE:0.8971063809694307

start a new running with args: Namespace(epochs=200, batch=1000, lr=0.001, hid=256, save_name='final_200', num_queries=110000, data_name='train_aug', load_ckpt='False')
Epoch 9, loss: 15.965029003644231, lr:0.00095
Epoch 19, loss: 7.663987188628226, lr:0.0009000000000000001
Epoch 29, loss: 5.594143330448806, lr:0.00085
Epoch 39, loss: 4.954392683626425, lr:0.0008
Epoch 49, loss: 4.475877405417086, lr:0.00075
Epoch 59, loss: 3.992499414116445, lr:0.0007
Epoch 69, loss: 4.277037280978578, lr:0.0006500000000000001
Epoch 79, loss: 3.802131479436701, lr:0.0006
Epoch 89, loss: 3.5128520594702826, lr:0.00055
Epoch 99, loss: 3.4166285847172593, lr:0.0005
Epoch 109, loss: 3.2700193771208177, lr:0.00045000000000000004
Epoch 119, loss: 3.2624539317506733, lr:0.0004
Epoch 129, loss: 3.1368221393739333, lr:0.00035
Epoch 139, loss: 3.1289003593753084, lr:0.0003
Epoch 149, loss: 3.2066371344556712, lr:0.00025
Epoch 159, loss: 3.01127208603753, lr:0.0002
Epoch 169, loss: 2.9339264354320487, lr:0.00015
Epoch 179, loss: 2.898667995375816, lr:0.0001
Epoch 189, loss: 2.895156882025979, lr:5e-05
Epoch 199, loss: 2.82440793875492, lr:0.0

start a new running with args: Namespace(epochs=200, batch=1000, lr=0.001, hid=256, save_name='final_200', num_queries=110000, data_name='train_aug', load_ckpt='True')
MSLE:0.878650070898838

start a new running with args: Namespace(epochs=300, batch=1000, lr=0.001, hid=256, save_name='final_300', num_queries=110000, data_name='train_aug', load_ckpt='False')
Epoch 9, loss: 16.775771377062558, lr:0.0009666666666666667
Epoch 19, loss: 7.170006472655017, lr:0.0009333333333333333
Epoch 29, loss: 5.776470586507007, lr:0.0009000000000000001
Epoch 39, loss: 4.956044582405475, lr:0.0008666666666666667
Epoch 49, loss: 4.354759519750422, lr:0.0008333333333333334
Epoch 59, loss: 4.025603332904854, lr:0.0008
Epoch 69, loss: 4.224951614033092, lr:0.0007666666666666667
Epoch 79, loss: 3.7712685821032284, lr:0.0007333333333333333
Epoch 89, loss: 3.6406379613009365, lr:0.0007
Epoch 99, loss: 3.622597453570125, lr:0.0006666666666666666
Epoch 109, loss: 3.4982748200195006, lr:0.0006333333333333333
Epoch 119, loss: 3.3541669749250316, lr:0.0006
Epoch 129, loss: 3.1351445636363944, lr:0.0005666666666666667
Epoch 139, loss: 3.1880853681853325, lr:0.0005333333333333334
Epoch 149, loss: 3.0919799443447227, lr:0.0005
Epoch 159, loss: 3.1299457116560503, lr:0.00046666666666666666
Epoch 169, loss: 3.0762816173861727, lr:0.00043333333333333337
Epoch 179, loss: 3.1594834327697754, lr:0.0004
Epoch 189, loss: 2.8937755907424774, lr:0.00036666666666666667
Epoch 199, loss: 2.900212976667616, lr:0.0003333333333333333
Epoch 209, loss: 2.8214241856276385, lr:0.0003
Epoch 219, loss: 2.8829903434021302, lr:0.0002666666666666667
Epoch 229, loss: 2.8273326893045443, lr:0.00023333333333333333
Epoch 239, loss: 2.824407794258811, lr:0.0002
Epoch 249, loss: 2.74882709137117, lr:0.00016666666666666666
Epoch 259, loss: 2.7237081262800427, lr:0.00013333333333333334
Epoch 269, loss: 2.708700743588534, lr:0.0001
Epoch 279, loss: 2.704979860421383, lr:6.666666666666667e-05
Epoch 289, loss: 2.703802556702585, lr:3.3333333333333335e-05
Epoch 299, loss: 2.694212388510656, lr:0.0

start a new running with args: Namespace(epochs=300, batch=1000, lr=0.001, hid=256, save_name='final_300', num_queries=110000, data_name='train_aug', load_ckpt='True')
MSLE:0.8726108876922772

start a new running with args: Namespace(epochs=250, batch=1000, lr=0.001, hid=256, save_name='final_250', num_queries=110000, data_name='train_aug', load_ckpt='False')
Epoch 9, loss: 15.770954758229882, lr:0.00096
Epoch 19, loss: 7.462513779148911, lr:0.00092
Epoch 29, loss: 5.624279641141795, lr:0.00088
Epoch 39, loss: 4.951835104913423, lr:0.00084
Epoch 49, loss: 4.46055883831448, lr:0.0008
Epoch 59, loss: 4.078675236364807, lr:0.00076
Epoch 69, loss: 3.996940523687035, lr:0.0007199999999999999
Epoch 79, loss: 3.829649072704893, lr:0.00068
Epoch 89, loss: 3.5413275150337604, lr:0.00064
Epoch 99, loss: 3.9096634508383397, lr:0.0006
Epoch 109, loss: 3.288405129403779, lr:0.0005600000000000001
Epoch 119, loss: 3.4288542053916236, lr:0.0005200000000000001
Epoch 129, loss: 3.207748201158312, lr:0.00048
Epoch 139, loss: 3.153458079906425, lr:0.00044
Epoch 149, loss: 3.21906233315516, lr:0.0004
Epoch 159, loss: 3.137607376984876, lr:0.00035999999999999997
Epoch 169, loss: 3.017822205418288, lr:0.00032
Epoch 179, loss: 2.991614023844401, lr:0.00028000000000000003
Epoch 189, loss: 2.89913421447831, lr:0.00024
Epoch 199, loss: 2.8763807951801956, lr:0.0002
Epoch 209, loss: 2.821362620652324, lr:0.00016
Epoch 219, loss: 2.8011961922501074, lr:0.00012
Epoch 229, loss: 2.7866936982280075, lr:8e-05
Epoch 239, loss: 2.753275929075299, lr:4e-05
Epoch 249, loss: 2.7306589839434383, lr:0.0

start a new running with args: Namespace(epochs=250, batch=1000, lr=0.001, hid=256, save_name='final_250', num_queries=110000, data_name='train_aug', load_ckpt='True')
MSLE:0.8547745231276087
